
> rest-express@1.0.0 check
> tsc

client/src/pages/AdminDashboard.tsx(57,60): error TS2339: Property 'totalPlayers' does not exist on type '{}'.
client/src/pages/AdminDashboard.tsx(66,60): error TS2339: Property 'avgLevel' does not exist on type '{}'.
client/src/pages/AdminDashboard.tsx(87,26): error TS2339: Property 'map' does not exist on type '{}'.
client/src/pages/AdminDashboard.tsx(87,31): error TS7006: Parameter 'level' implicitly has an 'any' type.
client/src/pages/AdminDashboard.tsx(92,46): error TS7006: Parameter 'nodeId' implicitly has an 'any' type.
client/src/pages/AdminDashboard.tsx(92,54): error TS7006: Parameter 'idx' implicitly has an 'any' type.
client/src/pages/AdminDashboard.tsx(106,44): error TS7006: Parameter 'hint' implicitly has an 'any' type.
client/src/pages/AdminDashboard.tsx(106,50): error TS7006: Parameter 'i' implicitly has an 'any' type.
client/src/pages/AdminDashboard.tsx(113,37): error TS2339: Property 'length' does not exist on type '{}'.
server/storage.ts(30,15): error TS2769: No overload matches this call.
  Overload 1 of 2, '(value: { levelNumber: number | SQL<unknown> | Placeholder<string, any>; solution: number[] | SQL<unknown> | Placeholder<string, any>; id?: number | SQL<unknown> | Placeholder<...> | undefined; hints?: string[] | ... 3 more ... | undefined; }): PgInsertBase<...>', gave the following error.
    Argument of type '{ levelNumber: number; solution: { [x: number]: number; length: number; toString: () => string; toLocaleString: { (): string; (locales: string | string[], options?: (NumberFormatOptions & DateTimeFormatOptions) | undefined): string; }; ... 37 more ...; readonly [Symbol.unscopables]: { ...; }; }; hints?: string[] | ....' is not assignable to parameter of type '{ levelNumber: number | SQL<unknown> | Placeholder<string, any>; solution: number[] | SQL<unknown> | Placeholder<string, any>; id?: number | SQL<unknown> | Placeholder<...> | undefined; hints?: string[] | ... 3 more ... | undefined; }'.
      Types of property 'solution' are incompatible.
        Type '{ [x: number]: number; length: number; toString: () => string; toLocaleString: { (): string; (locales: string | string[], options?: (NumberFormatOptions & DateTimeFormatOptions) | undefined): string; }; ... 37 more ...; readonly [Symbol.unscopables]: { ...; }; }' is not assignable to type 'number[] | SQL<unknown> | Placeholder<string, any>'.
          Type '{ [x: number]: number; length: number; toString: () => string; toLocaleString: { (): string; (locales: string | string[], options?: (NumberFormatOptions & DateTimeFormatOptions) | undefined): string; }; ... 37 more ...; readonly [Symbol.unscopables]: { ...; }; }' is not assignable to type 'number[]'.
            The types returned by 'pop()' are incompatible between these types.
              Type 'unknown' is not assignable to type 'number | undefined'.
  Overload 2 of 2, '(values: { levelNumber: number | SQL<unknown> | Placeholder<string, any>; solution: number[] | SQL<unknown> | Placeholder<string, any>; id?: number | SQL<unknown> | Placeholder<...> | undefined; hints?: string[] | ... 3 more ... | undefined; }[]): PgInsertBase<...>', gave the following error.
    Argument of type '{ levelNumber: number; solution: { [x: number]: number; length: number; toString: () => string; toLocaleString: { (): string; (locales: string | string[], options?: (NumberFormatOptions & DateTimeFormatOptions) | undefined): string; }; ... 37 more ...; readonly [Symbol.unscopables]: { ...; }; }; hints?: string[] | ....' is not assignable to parameter of type '{ levelNumber: number | SQL<unknown> | Placeholder<string, any>; solution: number[] | SQL<unknown> | Placeholder<string, any>; id?: number | SQL<unknown> | Placeholder<...> | undefined; hints?: string[] | ... 3 more ... | undefined; }[]'.
      Type '{ levelNumber: number; solution: { [x: number]: number; length: number; toString: () => string; toLocaleString: { (): string; (locales: string | string[], options?: (NumberFormatOptions & DateTimeFormatOptions) | undefined): string; }; ... 37 more ...; readonly [Symbol.unscopables]: { ...; }; }; hints?: string[] | ....' is missing the following properties from type '{ levelNumber: number | SQL<unknown> | Placeholder<string, any>; solution: number[] | SQL<unknown> | Placeholder<string, any>; id?: number | SQL<unknown> | Placeholder<...> | undefined; hints?: string[] | ... 3 more ... | undefined; }[]': length, pop, push, concat, and 35 more.
server/storage.ts(33,16): error TS2322: Type '{ [x: number]: number; length: number; toString: () => string; toLocaleString: { (): string; (locales: string | string[], options?: (NumberFormatOptions & DateTimeFormatOptions) | undefined): string; }; ... 37 more ...; readonly [Symbol.unscopables]: { ...; }; }' is not assignable to type 'number[] | PgColumn<ColumnBaseConfig<ColumnDataType, string>, {}, {}> | SQL<unknown> | undefined'.
  Type '{ [x: number]: number; length: number; toString: () => string; toLocaleString: { (): string; (locales: string | string[], options?: (NumberFormatOptions & DateTimeFormatOptions) | undefined): string; }; ... 37 more ...; readonly [Symbol.unscopables]: { ...; }; }' is not assignable to type 'number[]'.
    The types returned by 'pop()' are incompatible between these types.
      Type 'unknown' is not assignable to type 'number | undefined'.
